<?xml version="1.0" encoding="UTF-8"?>
<testsuite xmlns:xsi="http://www.w3.org/2001/XMLSchema-instance" xsi:noNamespaceSchemaLocation="https://maven.apache.org/surefire/maven-surefire-plugin/xsd/surefire-test-report-3.0.xsd" version="3.0" name="com.maven.dao.EmployeeDAOImplTest" time="0.082" tests="4" errors="0" skipped="0" failures="0">
  <properties>
[...]
</properties>
  <testcase name="getEmployeeByIdTest" classname="com.maven.dao.EmployeeDAOImplTest" time="0.035"/>
  <testcase name="getEmployeesTest" classname="com.maven.dao.EmployeeDAOImplTest" time="0.005"/>
  <testcase name="updateEmployeeTest" classname="com.maven.dao.EmployeeDAOImplTest" time="0.002"/>
  <testcase name="createEmployee" classname="com.maven.dao.EmployeeDAOImplTest" time="0.001"/>
</testsuite>